<?xml version="1.0" encoding="UTF-8"?>
<!-- Generated by org.testng.reporters.JUnitXMLReporter -->
<testsuite hostname="AIPL-LT-711" ignored="0" name="Saal Application Test cases" tests="3" failures="3" timestamp="19 May 2019 10:08:04 GMT" time="66.925" errors="0">
  <testcase name="checkCatagoriesByidcheckBox" time="0.006" classname="com.saal.testcases.WomenPageTest">
    <failure type="java.lang.NullPointerException">
      <![CDATA[java.lang.NullPointerException
at com.saal.testcases.WomenPageTest.checkCatagoriesByidcheckBox(WomenPageTest.java:39)
... Removed 25 stack frames]]>
    </failure>
  </testcase> <!-- checkCatagoriesByidcheckBox -->
  <testcase name="loginpageTitleTest" time="0.001" classname="com.saal.testcases.LoginPageTest">
    <failure type="java.lang.NullPointerException">
      <![CDATA[java.lang.NullPointerException
at com.saal.testcases.LoginPageTest.loginpageTitleTest(LoginPageTest.java:34)
... Removed 25 stack frames]]>
    </failure>
  </testcase> <!-- loginpageTitleTest -->
  <testcase name="verifyHomePageTitleTest" time="0.008" classname="com.saal.testcases.HomePageTest">
    <failure type="java.lang.AssertionError" message="Home page title not matched expected [Dresses - My Store] but found [My account - My Store]">
      <![CDATA[java.lang.AssertionError: Home page title not matched expected [Dresses - My Store] but found [My account - My Store]
at com.saal.testcases.HomePageTest.verifyHomePageTitleTest(HomePageTest.java:43)
... Removed 30 stack frames]]>
    </failure>
  </testcase> <!-- verifyHomePageTitleTest -->
</testsuite> <!-- Saal Application Test cases -->
